{
  "stats": {
    "suites": 1,
    "tests": 1,
    "passes": 0,
    "pending": 0,
    "failures": 1,
    "start": "2024-08-14T03:47:42.016Z",
    "end": "2024-08-14T03:48:03.707Z",
    "duration": 21691,
    "testsRegistered": 1,
    "passPercent": 0,
    "pendingPercent": 0,
    "other": 0,
    "hasOther": false,
    "skipped": 0,
    "hasSkipped": false
  },
  "results": [
    {
      "uuid": "c12f5e0b-5e58-467d-a61f-773d07cad4a2",
      "title": "",
      "fullFile": "cypress/e2e/E2ECinemarkPurchase.cy.js",
      "file": "cypress/e2e/E2ECinemarkPurchase.cy.js",
      "beforeHooks": [],
      "afterHooks": [],
      "tests": [],
      "suites": [
        {
          "uuid": "f87a667a-a7dd-4427-828c-fc69e91d8783",
          "title": "Movie Ticket Purchase",
          "fullFile": "",
          "file": "",
          "beforeHooks": [],
          "afterHooks": [],
          "tests": [
            {
              "title": "Should allow a user to select a movie, choose a city, theater, and seats, and complete the purchase",
              "fullTitle": "Movie Ticket Purchase Should allow a user to select a movie, choose a city, theater, and seats, and complete the purchase",
              "timedOut": null,
              "duration": 16506,
              "state": "failed",
              "speed": null,
              "pass": false,
              "fail": true,
              "pending": false,
              "context": null,
              "code": "homePage.navigatorToHomePage();\nelementActions.clickOnTheButton(_HomePage.default.modalCloseButton);\nelementActions.clickOnTheButton(_HomePage.default.signInButton);\nelementActions.writeInTextBox(_HomePage.default.emailInput, testData.MemberEmail);\nelementActions.writeInTextBox(_HomePage.default.passwordInput, testData.MemberPassword);\nelementActions.clickOnTheButton(_HomePage.default.loginButton);\nelementActions.validation(_HomePage.default.memberNameText, testData.MemberName);\nelementActions.selectMovie(testData.TitleMovie);\nelementActions.clickOnTheButton(_HomePage.default.selectCityButton);\nelementActions.clickOnTheButton(_HomePage.default.userSelect);\nelementActions.validateNotExist(_HomePage.default.loaderIcon);\nelementActions.clickOnTheButton(_HomePage.default.timeButton);\nelementActions.clickOnTheButton(_HomePage.default.confirmButton);\nelementActions.validateNotExist(_HomePage.default.Icon);\nelementActions.validateNotExist(_HomePage.default.loaderIcon);\nelementActions.clickOnTheButton(_HomePage.default.modalCloseButton);\nelementActions.selectDropDown(_HomePage.default.seatSelect, testData.option);\nelementActions.clickOnTheButton(_HomePage.default.continueButton);\nhomePage.selectToSeat(testData.gridRow, testData.gridColumn1);\nhomePage.selectToSeat(testData.gridRow, testData.gridColumn2);\nelementActions.validateNotExist(_HomePage.default.loaderIcon);\nelementActions.clickOnTheButton(_HomePage.default.shoppingCartContinueButton);\nelementActions.clickOnTheButton(_HomePage.default.confirmSeatButton);\nelementActions.validateNotExist(_HomePage.default.loaderIcon);\nelementActions.clickOnTheButton(_HomePage.default.selectFoodButton);\nelementActions.clickOnTheButton(_HomePage.default.shoppingCartContinueButton);\nelementActions.clickOnTheButton(_HomePage.default.shoppingCartContinueButton);\nelementActions.clickOnTheButton(_HomePage.default.pymentMethodSelect);\nelementActions.writeInTextBox(_HomePage.default.cardNumberInput, testData.cardNumber);\nelementActions.writeInTextBox(_HomePage.default.cardNameInput, testData.cardName);\nelementActions.writeInTextBox(_HomePage.default.cardSecurityCodeInput, testData.cardSecurityCode);\nelementActions.selectDropDown(_HomePage.default.numberInstallmentsSelect, testData.installments);\nelementActions.clickOnTheCheckbox(_HomePage.default.agreementCheck);\nelementActions.clickOnTheButton(_HomePage.default.shoppingCartContinueButton);\nelementActions.clickOnTheButton(_HomePage.default.confirmPaymentButton);\nelementActions.validateNotExist(_HomePage.default.loaderFinal);\ncy.wait(100000);\nelementActions.validateExist(_HomePage.default.codeQA);\nelementActions.validateTextExist(_HomePage.default.CodeText, testData.codeText);",
              "err": {
                "message": "AssertionError: Timed out retrying after 4000ms: Expected to find element: `.ant-dropdown-link > .jsx-271142912`, but never found it.",
                "estack": "AssertionError: Timed out retrying after 4000ms: Expected to find element: `.ant-dropdown-link > .jsx-271142912`, but never found it.\n    at ElementActions.validation (webpack:///./cypress/page/ElementActions.js:11:25)\n    at Context.eval (webpack:///./cypress/e2e/E2ECinemarkPurchase.cy.js:17:23)",
                "diff": null
              },
              "uuid": "d7c6ee1f-16f0-48db-8f4f-094b641d7744",
              "parentUUID": "f87a667a-a7dd-4427-828c-fc69e91d8783",
              "isHook": false,
              "skipped": false
            }
          ],
          "suites": [],
          "passes": [],
          "failures": [
            "d7c6ee1f-16f0-48db-8f4f-094b641d7744"
          ],
          "pending": [],
          "skipped": [],
          "duration": 16506,
          "root": false,
          "rootEmpty": false,
          "_timeout": 2000
        }
      ],
      "passes": [],
      "failures": [],
      "pending": [],
      "skipped": [],
      "duration": 0,
      "root": true,
      "rootEmpty": true,
      "_timeout": 2000
    }
  ],
  "meta": {
    "mocha": {
      "version": "7.0.1"
    },
    "mochawesome": {
      "options": {
        "quiet": false,
        "reportFilename": "mochawesome",
        "saveHtml": true,
        "saveJson": true,
        "consoleReporter": "spec",
        "useInlineDiffs": false,
        "code": true
      },
      "version": "7.1.3"
    },
    "marge": {
      "options": {
        "reportDir": "cypress/reports/mochawesome",
        "overwrite": false,
        "html": true,
        "json": true
      },
      "version": "6.2.0"
    }
  }
}